<?xml version="1.0" encoding="UTF-8"?>
<!-- Generated by org.testng.reporters.JUnitReportReporter -->
<testsuite hostname="LAPTOP-715O052C" failures="0" tests="1" name="Test_ng_program.Test_ng_class" time="0.006" errors="0" timestamp="2022-10-29T13:50:56 IST" skipped="0">
  <testcase classname="Test_ng_program.Test_ng_class" name="m1" time="0.006"/>
  <system-out>
    <![CDATA[Hi]]>
  </system-out>
</testsuite> <!-- Test_ng_program.Test_ng_class -->
