<?xml version="1.0" encoding="UTF-8"?>
<!-- Generated by org.testng.reporters.JUnitReportReporter -->
<testsuite hostname="LAPTOP-715O052C" failures="0" tests="1" name="Test_ng_program.Annotations" time="0.008" errors="0" timestamp="2022-10-30T22:57:32 IST" skipped="0">
  <testcase classname="Test_ng_program.Annotations" name="verifyID" time="0.008"/>
  <system-out>
    <![CDATA[verify user id]]>
  </system-out>
</testsuite> <!-- Test_ng_program.Annotations -->
