<?xml version="1.0" encoding="UTF-8"?>
<!-- Generated by org.testng.reporters.JUnitReportReporter -->
<testsuite hostname="LAPTOP-715O052C" failures="0" tests="3" name="Test_ng_program.A1" time="0.003" errors="0" timestamp="2022-11-01T12:11:27 IST" skipped="0">
  <testcase classname="Test_ng_program.A1" name="TC1" time="0.001"/>
  <system-out>
    <![CDATA[Running TC1]]>
  </system-out>
  <testcase classname="Test_ng_program.A1" name="TC3" time="0.001"/>
  <system-out>
    <![CDATA[Running Tc3]]>
  </system-out>
  <testcase classname="Test_ng_program.A1" name="TC2" time="0.001"/>
  <system-out>
    <![CDATA[Running TC2]]>
  </system-out>
</testsuite> <!-- Test_ng_program.A1 -->
