<?xml version="1.0" encoding="UTF-8"?>
<!-- Generated by org.testng.reporters.JUnitReportReporter -->
<testsuite hostname="LAPTOP-715O052C" failures="0" tests="3" name="Test_ng_program.Priority" time="0.010" errors="0" timestamp="2022-10-31T20:31:21 IST" skipped="0">
  <testcase classname="Test_ng_program.Priority" name="TC3" time="0.008"/>
  <system-out>
    <![CDATA[running tc3]]>
  </system-out>
  <testcase classname="Test_ng_program.Priority" name="TC1" time="0.001"/>
  <system-out>
    <![CDATA[running tc1]]>
  </system-out>
  <testcase classname="Test_ng_program.Priority" name="TC2" time="0.001"/>
  <system-out>
    <![CDATA[running tc2]]>
  </system-out>
</testsuite> <!-- Test_ng_program.Priority -->
