<?xml version="1.0" encoding="UTF-8"?>
<!-- Generated by org.testng.reporters.JUnitReportReporter -->
<testsuite hostname="LAPTOP-715O052C" failures="0" tests="1" name="Assert_advantages.Assert_not_equals" time="0.010" errors="0" timestamp="2022-11-04T22:14:59 IST" skipped="0">
  <testcase classname="Assert_advantages.Assert_not_equals" name="TC2" time="0.010"/>
  <system-out>
    <![CDATA[TC2 is running]]>
  </system-out>
</testsuite> <!-- Assert_advantages.Assert_not_equals -->
