<?xml version="1.0" encoding="UTF-8"?>
<!-- Generated by org.testng.reporters.JUnitReportReporter -->
<testsuite hostname="LAPTOP-715O052C" failures="0" tests="1" name="Multibrowsing.A" time="2.892" errors="0" timestamp="2022-11-06T18:47:31 IST" skipped="0">
  <testcase classname="Multibrowsing.A" name="TC1" time="2.892"/>
  <system-out/>
</testsuite> <!-- Multibrowsing.A -->
