<?xml version="1.0" encoding="UTF-8"?>
<!-- Generated by org.testng.reporters.JUnitReportReporter -->
<testsuite hostname="LAPTOP-715O052C" failures="0" tests="2" name="Multibrowsing.B" time="15.140" errors="0" timestamp="2022-11-07T14:47:52 IST" skipped="0">
  <testcase classname="Multibrowsing.B" name="TC" time="8.915"/>
  <system-out/>
  <testcase classname="Multibrowsing.B" name="TC" time="6.225"/>
  <system-out/>
</testsuite> <!-- Multibrowsing.B -->
