<?xml version="1.0" encoding="UTF-8"?>
<!-- Generated by org.testng.reporters.JUnitReportReporter -->
<testsuite hostname="LAPTOP-715O052C" failures="0" tests="1" name="Pagefactory_using_Testng.Test" time="3.838" errors="0" timestamp="2022-11-14T22:19:38 IST" skipped="0">
  <testcase classname="Pagefactory_using_Testng.Test" name="verifyText" time="3.838"/>
  <system-out>
    <![CDATA[running VerifyText]]>
  </system-out>
</testsuite> <!-- Pagefactory_using_Testng.Test -->
