<?xml version="1.0" encoding="UTF-8"?>
<!-- Generated by org.testng.reporters.JUnitReportReporter -->
<testsuite hostname="LAPTOP-715O052C" failures="0" tests="2" name="Test_ng_program.Enabled" time="0.009" errors="0" timestamp="2022-10-31T20:39:02 IST" skipped="1">
  <testcase classname="Test_ng_program.Enabled" name="TC2" time="0.009"/>
  <system-out>
    <![CDATA[running tc2]]>
  </system-out>
  <testcase classname="Test_ng_program.Enabled" name="TC1">
    <skipped/>
  </testcase> <!-- TC1 -->
  <system-out/>
</testsuite> <!-- Test_ng_program.Enabled -->
