<?xml version="1.0" encoding="UTF-8"?>
<!-- Generated by org.testng.reporters.JUnitReportReporter -->
<testsuite hostname="LAPTOP-715O052C" failures="0" tests="3" name="Test_ng_program.A3" time="0.009" errors="0" timestamp="2022-11-01T12:11:27 IST" skipped="0">
  <testcase classname="Test_ng_program.A3" name="TC8" time="0.001"/>
  <system-out>
    <![CDATA[Running TC8]]>
  </system-out>
  <testcase classname="Test_ng_program.A3" name="TC7" time="0.007"/>
  <system-out>
    <![CDATA[Running TC7]]>
  </system-out>
  <testcase classname="Test_ng_program.A3" name="TC9" time="0.001"/>
  <system-out>
    <![CDATA[Running Tc9]]>
  </system-out>
</testsuite> <!-- Test_ng_program.A3 -->
