<?xml version="1.0" encoding="UTF-8"?>
<!-- Generated by org.testng.reporters.JUnitReportReporter -->
<testsuite hostname="LAPTOP-715O052C" failures="0" tests="3" name="Test_ng_program.A2" time="0.008" errors="0" timestamp="2022-11-01T14:17:09 IST" skipped="0">
  <testcase classname="Test_ng_program.A2" name="TC4" time="0.007"/>
  <system-out>
    <![CDATA[Running TC4]]>
  </system-out>
  <testcase classname="Test_ng_program.A2" name="TC6" time="0.000"/>
  <system-out>
    <![CDATA[Running Tc6]]>
  </system-out>
  <testcase classname="Test_ng_program.A2" name="TC5" time="0.001"/>
  <system-out>
    <![CDATA[Running TC5]]>
  </system-out>
</testsuite> <!-- Test_ng_program.A2 -->
