<?xml version="1.0" encoding="UTF-8"?>
<!-- Generated by org.testng.reporters.JUnitReportReporter -->
<testsuite hostname="LAPTOP-715O052C" failures="0" tests="10" name="Test_ng_program.Invocation_count" time="0.020" errors="0" timestamp="2022-10-31T15:46:16 IST" skipped="0">
  <testcase classname="Test_ng_program.Invocation_count" name="TC1" time="0.002"/>
  <system-out>
    <![CDATA[running tc1]]>
  </system-out>
  <testcase classname="Test_ng_program.Invocation_count" name="TC1" time="0.000"/>
  <system-out>
    <![CDATA[running tc1]]>
  </system-out>
  <testcase classname="Test_ng_program.Invocation_count" name="TC1" time="0.009"/>
  <system-out>
    <![CDATA[running tc1]]>
  </system-out>
  <testcase classname="Test_ng_program.Invocation_count" name="TC1" time="0.001"/>
  <system-out>
    <![CDATA[running tc1]]>
  </system-out>
  <testcase classname="Test_ng_program.Invocation_count" name="TC1" time="0.002"/>
  <system-out>
    <![CDATA[running tc1]]>
  </system-out>
  <testcase classname="Test_ng_program.Invocation_count" name="TC1" time="0.002"/>
  <system-out>
    <![CDATA[running tc1]]>
  </system-out>
  <testcase classname="Test_ng_program.Invocation_count" name="TC1" time="0.001"/>
  <system-out>
    <![CDATA[running tc1]]>
  </system-out>
  <testcase classname="Test_ng_program.Invocation_count" name="TC1" time="0.000"/>
  <system-out>
    <![CDATA[running tc1]]>
  </system-out>
  <testcase classname="Test_ng_program.Invocation_count" name="TC1" time="0.000"/>
  <system-out>
    <![CDATA[running tc1]]>
  </system-out>
  <testcase classname="Test_ng_program.Invocation_count" name="TC1" time="0.003"/>
  <system-out>
    <![CDATA[running tc1]]>
  </system-out>
</testsuite> <!-- Test_ng_program.Invocation_count -->
