<?xml version="1.0" encoding="UTF-8"?>
<!-- Generated by org.testng.reporters.JUnitReportReporter -->
<testsuite hostname="LAPTOP-715O052C" failures="0" tests="1" name="Assert_advantages.Assert_equals" time="0.011" errors="0" timestamp="2022-11-04T22:11:54 IST" skipped="0">
  <testcase classname="Assert_advantages.Assert_equals" name="TC1" time="0.011"/>
  <system-out>
    <![CDATA[TC1 is running]]>
  </system-out>
</testsuite> <!-- Assert_advantages.Assert_equals -->
